<?xml version="1.0" encoding="UTF-8"?>
<!-- Generated by org.testng.reporters.JUnitXMLReporter -->
<testsuite hostname="LAPTOP-GCS6IJGA" ignored="1" name="Login_Test" tests="3" failures="0" timestamp="26 May 2020 06:48:15 GMT" time="0.007" errors="0">
  <testcase name="TC_Login_01" time="0.001" classname="Demo_TestNG.Demo_TestNG.TC_Login"/>
  <testcase name="TC_Login_02" time="0.001" classname="Demo_TestNG.Demo_TestNG.TC_Login"/>
  <testcase name="TC_Login_04" time="0.001" classname="Demo_TestNG.Demo_TestNG.TC_Login"/>
  <testcase name="TC_Login_03" time="0.0" classname="Demo_TestNG.Demo_TestNG.TC_Login">
    <ignored/>
  </testcase> <!-- TC_Login_03 -->
</testsuite> <!-- Login_Test -->
