<?xml version="1.0" encoding="UTF-8"?>
<!-- Generated by org.testng.reporters.JUnitXMLReporter -->
<testsuite hostname="LAPTOP-GCS6IJGA" ignored="0" name="Test" tests="4" failures="0" timestamp="26 May 2020 00:34:13 GMT" time="0.0" errors="0">
  <testcase name="TC_Login_01" time="0.0" classname="Demo_TestNG.Demo_TestNG.TC_Login"/>
  <testcase name="TC_Login_02" time="0.0" classname="Demo_TestNG.Demo_TestNG.TC_Login"/>
  <testcase name="TC_Login_03" time="0.0" classname="Demo_TestNG.Demo_TestNG.TC_Login"/>
  <testcase name="TC_Login_04" time="0.0" classname="Demo_TestNG.Demo_TestNG.TC_Login"/>
</testsuite> <!-- Test -->
