<?xml version="1.0" encoding="UTF-8"?>
<!-- Generated by org.testng.reporters.JUnitXMLReporter -->
<testsuite hostname="LAPTOP-GCS6IJGA" ignored="2" name="Login_Test" tests="2" failures="0" timestamp="14 Jun 2020 08:37:05 GMT" time="0.0" errors="0">
  <testcase name="TC_Login_01" time="0.0" classname="Demo_TestNG.Demo_TestNG.TC_Login_Group"/>
  <testcase name="TC_Login_03" time="0.0" classname="Demo_TestNG.Demo_TestNG.TC_Login_Group"/>
  <testcase name="TC_Login_04" time="0.0" classname="Demo_TestNG.Demo_TestNG.TC_Login_Group">
    <ignored/>
  </testcase> <!-- TC_Login_04 -->
  <testcase name="TC_Login_02" time="0.0" classname="Demo_TestNG.Demo_TestNG.TC_Login_Group">
    <ignored/>
  </testcase> <!-- TC_Login_02 -->
</testsuite> <!-- Login_Test -->
